[05-Aug-2015 20:57:01 Europe/Moscow] PHP Warning:  include(D:\_Users\SPirlici\www\spcms.spirlici.comapp\config\constants.cfg.php): failed to open stream: No such file or directory in D:\_Users\SPirlici\www\spcms.spirlici.com\index.php on line 4
[05-Aug-2015 20:57:01 Europe/Moscow] PHP Warning:  include(): Failed opening 'D:\_Users\SPirlici\www\spcms.spirlici.comapp\config\constants.cfg.php' for inclusion (include_path='.;/nginx/php5/PEAR') in D:\_Users\SPirlici\www\spcms.spirlici.com\index.php on line 4
[05-Aug-2015 20:57:01 Europe/Moscow] PHP Warning:  include_once(D:\_Users\SPirlici\www\spcms.spirlici.comDSappDSapp.php): failed to open stream: No such file or directory in D:\_Users\SPirlici\www\spcms.spirlici.com\index.php on line 7
[05-Aug-2015 20:57:01 Europe/Moscow] PHP Warning:  include_once(): Failed opening 'D:\_Users\SPirlici\www\spcms.spirlici.comDSappDSapp.php' for inclusion (include_path='.;/nginx/php5/PEAR') in D:\_Users\SPirlici\www\spcms.spirlici.com\index.php on line 7
[05-Aug-2015 20:57:01 Europe/Moscow] PHP Fatal error:  Class 'App' not found in D:\_Users\SPirlici\www\spcms.spirlici.com\index.php on line 10
[05-Aug-2015 20:57:03 Europe/Moscow] PHP Warning:  include(D:\_Users\SPirlici\www\spcms.spirlici.comapp\config\constants.cfg.php): failed to open stream: No such file or directory in D:\_Users\SPirlici\www\spcms.spirlici.com\index.php on line 4
[05-Aug-2015 20:57:03 Europe/Moscow] PHP Warning:  include(): Failed opening 'D:\_Users\SPirlici\www\spcms.spirlici.comapp\config\constants.cfg.php' for inclusion (include_path='.;/nginx/php5/PEAR') in D:\_Users\SPirlici\www\spcms.spirlici.com\index.php on line 4
[05-Aug-2015 20:57:03 Europe/Moscow] PHP Warning:  include_once(D:\_Users\SPirlici\www\spcms.spirlici.comDSappDSapp.php): failed to open stream: No such file or directory in D:\_Users\SPirlici\www\spcms.spirlici.com\index.php on line 7
[05-Aug-2015 20:57:03 Europe/Moscow] PHP Warning:  include_once(): Failed opening 'D:\_Users\SPirlici\www\spcms.spirlici.comDSappDSapp.php' for inclusion (include_path='.;/nginx/php5/PEAR') in D:\_Users\SPirlici\www\spcms.spirlici.com\index.php on line 7
[05-Aug-2015 20:57:03 Europe/Moscow] PHP Fatal error:  Class 'App' not found in D:\_Users\SPirlici\www\spcms.spirlici.com\index.php on line 10
[05-Aug-2015 20:57:32 Europe/Moscow] PHP Parse error:  syntax error, unexpected '}' in D:\_Users\SPirlici\www\spcms.spirlici.com\app\app.php on line 23
[05-Aug-2015 20:58:51 Europe/Moscow] PHP Parse error:  syntax error, unexpected 'var' (T_VAR) in D:\_Users\SPirlici\www\spcms.spirlici.com\app\app.php on line 15
[05-Aug-2015 20:58:56 Europe/Moscow] PHP Fatal error:  Class 'Smarty' not found in D:\_Users\SPirlici\www\spcms.spirlici.com\app\app.php on line 15
[05-Aug-2015 20:58:57 Europe/Moscow] PHP Fatal error:  Class 'Smarty' not found in D:\_Users\SPirlici\www\spcms.spirlici.com\app\app.php on line 15
[05-Aug-2015 20:59:24 Europe/Moscow] PHP Warning:  include(D:\_Users\SPirlici\www\spcms.spirlici.com\app\vendor\autoload.php): failed to open stream: No such file or directory in D:\_Users\SPirlici\www\spcms.spirlici.com\app\app.php on line 29
[05-Aug-2015 20:59:24 Europe/Moscow] PHP Warning:  include(): Failed opening 'D:\_Users\SPirlici\www\spcms.spirlici.com\app\vendor\autoload.php' for inclusion (include_path='.;/nginx/php5/PEAR') in D:\_Users\SPirlici\www\spcms.spirlici.com\app\app.php on line 29
[05-Aug-2015 20:59:24 Europe/Moscow] PHP Warning:  include(Smarty.php): failed to open stream: No such file or directory in D:\_Users\SPirlici\www\spcms.spirlici.com\app\app.php on line 27
[05-Aug-2015 20:59:24 Europe/Moscow] PHP Warning:  include(): Failed opening 'Smarty.php' for inclusion (include_path='.;/nginx/php5/PEAR') in D:\_Users\SPirlici\www\spcms.spirlici.com\app\app.php on line 27
[05-Aug-2015 20:59:24 Europe/Moscow] PHP Fatal error:  Class 'Smarty' not found in D:\_Users\SPirlici\www\spcms.spirlici.com\app\app.php on line 18
[05-Aug-2015 20:59:54 Europe/Moscow] PHP Warning:  include(D:\_Users\SPirlici\www\spcms.spirlici.com\app\vendor\autoload.php): failed to open stream: No such file or directory in D:\_Users\SPirlici\www\spcms.spirlici.com\app\app.php on line 29
[05-Aug-2015 20:59:54 Europe/Moscow] PHP Warning:  include(): Failed opening 'D:\_Users\SPirlici\www\spcms.spirlici.com\app\vendor\autoload.php' for inclusion (include_path='.;/nginx/php5/PEAR') in D:\_Users\SPirlici\www\spcms.spirlici.com\app\app.php on line 29
[05-Aug-2015 20:59:54 Europe/Moscow] PHP Warning:  include(Smarty.php): failed to open stream: No such file or directory in D:\_Users\SPirlici\www\spcms.spirlici.com\app\app.php on line 27
[05-Aug-2015 20:59:54 Europe/Moscow] PHP Warning:  include(): Failed opening 'Smarty.php' for inclusion (include_path='.;/nginx/php5/PEAR') in D:\_Users\SPirlici\www\spcms.spirlici.com\app\app.php on line 27
[05-Aug-2015 20:59:54 Europe/Moscow] PHP Fatal error:  Class 'Smarty' not found in D:\_Users\SPirlici\www\spcms.spirlici.com\app\app.php on line 18
[05-Aug-2015 20:59:54 Europe/Moscow] PHP Warning:  include(D:\_Users\SPirlici\www\spcms.spirlici.com\app\vendor\autoload.php): failed to open stream: No such file or directory in D:\_Users\SPirlici\www\spcms.spirlici.com\app\app.php on line 29
[05-Aug-2015 20:59:54 Europe/Moscow] PHP Warning:  include(): Failed opening 'D:\_Users\SPirlici\www\spcms.spirlici.com\app\vendor\autoload.php' for inclusion (include_path='.;/nginx/php5/PEAR') in D:\_Users\SPirlici\www\spcms.spirlici.com\app\app.php on line 29
[05-Aug-2015 20:59:54 Europe/Moscow] PHP Warning:  include(Smarty.php): failed to open stream: No such file or directory in D:\_Users\SPirlici\www\spcms.spirlici.com\app\app.php on line 27
[05-Aug-2015 20:59:54 Europe/Moscow] PHP Warning:  include(): Failed opening 'Smarty.php' for inclusion (include_path='.;/nginx/php5/PEAR') in D:\_Users\SPirlici\www\spcms.spirlici.com\app\app.php on line 27
[05-Aug-2015 20:59:54 Europe/Moscow] PHP Fatal error:  Class 'Smarty' not found in D:\_Users\SPirlici\www\spcms.spirlici.com\app\app.php on line 18
[05-Aug-2015 20:59:55 Europe/Moscow] PHP Warning:  include(D:\_Users\SPirlici\www\spcms.spirlici.com\app\vendor\autoload.php): failed to open stream: No such file or directory in D:\_Users\SPirlici\www\spcms.spirlici.com\app\app.php on line 29
[05-Aug-2015 20:59:55 Europe/Moscow] PHP Warning:  include(): Failed opening 'D:\_Users\SPirlici\www\spcms.spirlici.com\app\vendor\autoload.php' for inclusion (include_path='.;/nginx/php5/PEAR') in D:\_Users\SPirlici\www\spcms.spirlici.com\app\app.php on line 29
[05-Aug-2015 20:59:55 Europe/Moscow] PHP Warning:  include(Smarty.php): failed to open stream: No such file or directory in D:\_Users\SPirlici\www\spcms.spirlici.com\app\app.php on line 27
[05-Aug-2015 20:59:55 Europe/Moscow] PHP Warning:  include(): Failed opening 'Smarty.php' for inclusion (include_path='.;/nginx/php5/PEAR') in D:\_Users\SPirlici\www\spcms.spirlici.com\app\app.php on line 27
[05-Aug-2015 20:59:55 Europe/Moscow] PHP Fatal error:  Class 'Smarty' not found in D:\_Users\SPirlici\www\spcms.spirlici.com\app\app.php on line 18
[05-Aug-2015 20:59:55 Europe/Moscow] PHP Warning:  include(D:\_Users\SPirlici\www\spcms.spirlici.com\app\vendor\autoload.php): failed to open stream: No such file or directory in D:\_Users\SPirlici\www\spcms.spirlici.com\app\app.php on line 29
[05-Aug-2015 20:59:55 Europe/Moscow] PHP Warning:  include(): Failed opening 'D:\_Users\SPirlici\www\spcms.spirlici.com\app\vendor\autoload.php' for inclusion (include_path='.;/nginx/php5/PEAR') in D:\_Users\SPirlici\www\spcms.spirlici.com\app\app.php on line 29
[05-Aug-2015 20:59:55 Europe/Moscow] PHP Warning:  include(Smarty.php): failed to open stream: No such file or directory in D:\_Users\SPirlici\www\spcms.spirlici.com\app\app.php on line 27
[05-Aug-2015 20:59:55 Europe/Moscow] PHP Warning:  include(): Failed opening 'Smarty.php' for inclusion (include_path='.;/nginx/php5/PEAR') in D:\_Users\SPirlici\www\spcms.spirlici.com\app\app.php on line 27
[05-Aug-2015 20:59:55 Europe/Moscow] PHP Fatal error:  Class 'Smarty' not found in D:\_Users\SPirlici\www\spcms.spirlici.com\app\app.php on line 18
[05-Aug-2015 21:00:10 Europe/Moscow] PHP Warning:  include(D:\_Users\SPirlici\www\spcms.spirlici.com\app\vendor\autoload.php): failed to open stream: No such file or directory in D:\_Users\SPirlici\www\spcms.spirlici.com\app\app.php on line 29
[05-Aug-2015 21:00:10 Europe/Moscow] PHP Warning:  include(): Failed opening 'D:\_Users\SPirlici\www\spcms.spirlici.com\app\vendor\autoload.php' for inclusion (include_path='.;/nginx/php5/PEAR') in D:\_Users\SPirlici\www\spcms.spirlici.com\app\app.php on line 29
[05-Aug-2015 21:00:10 Europe/Moscow] PHP Warning:  include(Smarty.php): failed to open stream: No such file or directory in D:\_Users\SPirlici\www\spcms.spirlici.com\app\app.php on line 27
[05-Aug-2015 21:00:10 Europe/Moscow] PHP Warning:  include(): Failed opening 'Smarty.php' for inclusion (include_path='.;/nginx/php5/PEAR') in D:\_Users\SPirlici\www\spcms.spirlici.com\app\app.php on line 27
[05-Aug-2015 21:00:10 Europe/Moscow] PHP Fatal error:  Class 'Smarty' not found in D:\_Users\SPirlici\www\spcms.spirlici.com\app\app.php on line 18
[05-Aug-2015 21:00:12 Europe/Moscow] PHP Warning:  include(D:\_Users\SPirlici\www\spcms.spirlici.com\app\vendor\autoload.php): failed to open stream: No such file or directory in D:\_Users\SPirlici\www\spcms.spirlici.com\app\app.php on line 29
[05-Aug-2015 21:00:12 Europe/Moscow] PHP Warning:  include(): Failed opening 'D:\_Users\SPirlici\www\spcms.spirlici.com\app\vendor\autoload.php' for inclusion (include_path='.;/nginx/php5/PEAR') in D:\_Users\SPirlici\www\spcms.spirlici.com\app\app.php on line 29
[05-Aug-2015 21:00:12 Europe/Moscow] PHP Warning:  include(Smarty.php): failed to open stream: No such file or directory in D:\_Users\SPirlici\www\spcms.spirlici.com\app\app.php on line 27
[05-Aug-2015 21:00:12 Europe/Moscow] PHP Warning:  include(): Failed opening 'Smarty.php' for inclusion (include_path='.;/nginx/php5/PEAR') in D:\_Users\SPirlici\www\spcms.spirlici.com\app\app.php on line 27
[05-Aug-2015 21:00:12 Europe/Moscow] PHP Fatal error:  Class 'Smarty' not found in D:\_Users\SPirlici\www\spcms.spirlici.com\app\app.php on line 18
[05-Aug-2015 21:10:09 Europe/Moscow] PHP Fatal error:  Class 'Router' not found in D:\_Users\SPirlici\www\spcms.spirlici.com\app\app.php on line 18
[05-Aug-2015 21:10:10 Europe/Moscow] PHP Fatal error:  Class 'Router' not found in D:\_Users\SPirlici\www\spcms.spirlici.com\app\app.php on line 18
[05-Aug-2015 21:10:26 Europe/Moscow] PHP Fatal error:  Class 'Router' not found in D:\_Users\SPirlici\www\spcms.spirlici.com\app\app.php on line 18
[05-Aug-2015 21:14:29 Europe/Moscow] PHP Fatal error:  Class 'Router' not found in D:\_Users\SPirlici\www\spcms.spirlici.com\app\app.php on line 18
[05-Aug-2015 21:14:45 Europe/Moscow] PHP Fatal error:  Class 'Router' not found in D:\_Users\SPirlici\www\spcms.spirlici.com\app\app.php on line 18
[05-Aug-2015 21:15:49 Europe/Moscow] PHP Fatal error:  Class 'Router' not found in D:\_Users\SPirlici\www\spcms.spirlici.com\app\app.php on line 18
[05-Aug-2015 21:16:30 Europe/Moscow] PHP Fatal error:  Class 'Router' not found in D:\_Users\SPirlici\www\spcms.spirlici.com\app\app.php on line 18
[05-Aug-2015 21:16:51 Europe/Moscow] PHP Fatal error:  Class 'Router' not found in D:\_Users\SPirlici\www\spcms.spirlici.com\app\app.php on line 18
[05-Aug-2015 21:21:05 Europe/Moscow] PHP Fatal error:  Class 'Router' not found in D:\_Users\SPirlici\www\spcms.spirlici.com\app\app.php on line 18
[05-Aug-2015 21:21:33 Europe/Moscow] PHP Fatal error:  Class 'Router' not found in D:\_Users\SPirlici\www\spcms.spirlici.com\app\app.php on line 18
[05-Aug-2015 21:22:25 Europe/Moscow] PHP Warning:  str_replace() expects at least 3 parameters, 1 given in D:\_Users\SPirlici\www\spcms.spirlici.com\app\app.php on line 29
[05-Aug-2015 21:22:25 Europe/Moscow] PHP Fatal error:  Class 'Router' not found in D:\_Users\SPirlici\www\spcms.spirlici.com\app\app.php on line 18
[05-Aug-2015 21:22:38 Europe/Moscow] PHP Warning:  str_replace() expects at least 3 parameters, 1 given in D:\_Users\SPirlici\www\spcms.spirlici.com\app\app.php on line 29
[05-Aug-2015 21:22:38 Europe/Moscow] PHP Fatal error:  Class 'Router' not found in D:\_Users\SPirlici\www\spcms.spirlici.com\app\app.php on line 18
[05-Aug-2015 21:22:39 Europe/Moscow] PHP Warning:  str_replace() expects at least 3 parameters, 1 given in D:\_Users\SPirlici\www\spcms.spirlici.com\app\app.php on line 29
[05-Aug-2015 21:22:39 Europe/Moscow] PHP Fatal error:  Class 'Router' not found in D:\_Users\SPirlici\www\spcms.spirlici.com\app\app.php on line 18
[05-Aug-2015 21:23:00 Europe/Moscow] PHP Warning:  Missing argument 1 for Router::__construct(), called in D:\_Users\SPirlici\www\spcms.spirlici.com\app\app.php on line 18 and defined in D:\_Users\SPirlici\www\spcms.spirlici.com\app\classes\router.php on line 20
[05-Aug-2015 21:24:41 Europe/Moscow] PHP Fatal error:  Class 'Router' not found in D:\_Users\SPirlici\www\spcms.spirlici.com\app\app.php on line 18
[05-Aug-2015 21:29:51 Europe/Moscow] PHP Fatal error:  Call to undefined method App::config() in D:\_Users\SPirlici\www\spcms.spirlici.com\app\app.php on line 18
[05-Aug-2015 21:30:10 Europe/Moscow] PHP Fatal error:  Class 'MainClass' not found in D:\_Users\SPirlici\www\spcms.spirlici.com\app\app.php on line 8
[05-Aug-2015 21:49:31 Europe/Moscow] PHP Parse error:  syntax error, unexpected ')' in D:\_Users\SPirlici\www\spcms.spirlici.com\app\classes\config.class.php on line 50
[05-Aug-2015 21:51:03 Europe/Moscow] PHP Fatal error:  Call to undefined function debug() in D:\_Users\SPirlici\www\spcms.spirlici.com\app\classes\config.class.php on line 37
[05-Aug-2015 21:52:20 Europe/Moscow] PHP Parse error:  syntax error, unexpected '{' in D:\_Users\SPirlici\www\spcms.spirlici.com\app\classes\config.class.php on line 51
[05-Aug-2015 22:02:59 Europe/Moscow] PHP Warning:  Missing argument 1 for Router::parse(), called in D:\_Users\SPirlici\www\spcms.spirlici.com\app\app.php on line 28 and defined in D:\_Users\SPirlici\www\spcms.spirlici.com\app\classes\router.class.php on line 32
[05-Aug-2015 22:03:25 Europe/Moscow] PHP Warning:  Missing argument 1 for Router::parse(), called in D:\_Users\SPirlici\www\spcms.spirlici.com\app\app.php on line 28 and defined in D:\_Users\SPirlici\www\spcms.spirlici.com\app\classes\router.class.php on line 32
[05-Aug-2015 22:15:22 Europe/Moscow] PHP Fatal error:  Call to undefined method App::runCtrl() in D:\_Users\SPirlici\www\spcms.spirlici.com\app\app.php on line 31
[05-Aug-2015 22:27:53 Europe/Moscow] PHP Strict Standards:  call_user_func_array() expects parameter 1 to be a valid callback, non-static method UserController::login() should not be called statically in D:\_Users\SPirlici\www\spcms.spirlici.com\app\app.php on line 54
[05-Aug-2015 22:28:50 Europe/Moscow] PHP Fatal error:  Call to undefined method UserController::instance() in D:\_Users\SPirlici\www\spcms.spirlici.com\app\app.php on line 54
[05-Aug-2015 22:28:51 Europe/Moscow] PHP Fatal error:  Call to undefined method UserController::instance() in D:\_Users\SPirlici\www\spcms.spirlici.com\app\app.php on line 54
[05-Aug-2015 22:28:52 Europe/Moscow] PHP Fatal error:  Call to undefined method UserController::instance() in D:\_Users\SPirlici\www\spcms.spirlici.com\app\app.php on line 54
[05-Aug-2015 22:28:52 Europe/Moscow] PHP Fatal error:  Call to undefined method UserController::instance() in D:\_Users\SPirlici\www\spcms.spirlici.com\app\app.php on line 54
[05-Aug-2015 22:30:43 Europe/Moscow] PHP Strict Standards:  Non-static method MainClass::instance() should not be called statically, assuming $this from incompatible context in D:\_Users\SPirlici\www\spcms.spirlici.com\app\app.php on line 54
[05-Aug-2015 22:30:43 Europe/Moscow] PHP Warning:  call_user_func_array() expects parameter 1 to be a valid callback, class 'MainClass' does not have a method 'login' in D:\_Users\SPirlici\www\spcms.spirlici.com\app\app.php on line 54
[05-Aug-2015 22:30:55 Europe/Moscow] PHP Warning:  call_user_func_array() expects parameter 1 to be a valid callback, class 'MainClass' does not have a method 'login' in D:\_Users\SPirlici\www\spcms.spirlici.com\app\app.php on line 54
[05-Aug-2015 22:43:20 Europe/Moscow] PHP Fatal error:  Call to undefined method UserController::loadView() in D:\_Users\SPirlici\www\spcms.spirlici.com\app\app.php on line 63
[05-Aug-2015 22:43:21 Europe/Moscow] PHP Fatal error:  Call to undefined method UserController::loadView() in D:\_Users\SPirlici\www\spcms.spirlici.com\app\app.php on line 63
[05-Aug-2015 22:43:21 Europe/Moscow] PHP Fatal error:  Call to undefined method UserController::loadView() in D:\_Users\SPirlici\www\spcms.spirlici.com\app\app.php on line 63
[05-Aug-2015 22:43:22 Europe/Moscow] PHP Fatal error:  Call to undefined method UserController::loadView() in D:\_Users\SPirlici\www\spcms.spirlici.com\app\app.php on line 63
[05-Aug-2015 22:43:22 Europe/Moscow] PHP Fatal error:  Call to undefined method UserController::loadView() in D:\_Users\SPirlici\www\spcms.spirlici.com\app\app.php on line 63
[05-Aug-2015 22:43:22 Europe/Moscow] PHP Fatal error:  Call to undefined method UserController::loadView() in D:\_Users\SPirlici\www\spcms.spirlici.com\app\app.php on line 63
[05-Aug-2015 23:08:05 Europe/Moscow] PHP Fatal error:  Call to undefined method UserController::smarty() in D:\_Users\SPirlici\www\spcms.spirlici.com\app\classes\controller.class.php on line 29
[05-Aug-2015 23:08:24 Europe/Moscow] PHP Warning:  call_user_func_array() expects parameter 1 to be a valid callback, class 'UserController' does not have a method 'login?__is_ajax=1' in D:\_Users\SPirlici\www\spcms.spirlici.com\app\app.php on line 57
[05-Aug-2015 23:10:06 Europe/Moscow] PHP Warning:  call_user_func_array() expects parameter 1 to be a valid callback, class 'UserController' does not have a method 'login?__is_ajax=1' in D:\_Users\SPirlici\www\spcms.spirlici.com\app\app.php on line 59
[05-Aug-2015 23:10:14 Europe/Moscow] PHP Warning:  call_user_func_array() expects parameter 1 to be a valid callback, class 'UserController' does not have a method 'login?__is_ajax=1' in D:\_Users\SPirlici\www\spcms.spirlici.com\app\app.php on line 59
[05-Aug-2015 23:11:20 Europe/Moscow] PHP Warning:  Missing argument 1 for Router::parse(), called in D:\_Users\SPirlici\www\spcms.spirlici.com\app\app.php on line 32 and defined in D:\_Users\SPirlici\www\spcms.spirlici.com\app\classes\router.class.php on line 32
[05-Aug-2015 23:11:35 Europe/Moscow] PHP Parse error:  syntax error, unexpected ')' in D:\_Users\SPirlici\www\spcms.spirlici.com\app\app.php on line 29
[05-Aug-2015 23:11:42 Europe/Moscow] PHP Fatal error:  Call to undefined method UserController::smarty() in D:\_Users\SPirlici\www\spcms.spirlici.com\app\classes\controller.class.php on line 29
[05-Aug-2015 23:12:24 Europe/Moscow] PHP Fatal error:  Call to a member function assign() on a non-object in D:\_Users\SPirlici\www\spcms.spirlici.com\app\classes\controller.class.php on line 31
[05-Aug-2015 23:12:55 Europe/Moscow] PHP Fatal error:  Uncaught  --> Smarty: Unable to load template file 'user/login' <-- 
  thrown in D:\_Users\SPirlici\www\spcms.spirlici.com\vendor\smarty\smarty\libs\sysplugins\smarty_internal_template.php on line 219
[05-Aug-2015 23:13:59 Europe/Moscow] PHP Fatal error:  Uncaught  --> Smarty: Unable to load template file 'user/login' <-- 
  thrown in D:\_Users\SPirlici\www\spcms.spirlici.com\vendor\smarty\smarty\libs\sysplugins\smarty_internal_template.php on line 219
[05-Aug-2015 23:14:00 Europe/Moscow] PHP Fatal error:  Uncaught  --> Smarty: Unable to load template file 'user/login' <-- 
  thrown in D:\_Users\SPirlici\www\spcms.spirlici.com\vendor\smarty\smarty\libs\sysplugins\smarty_internal_template.php on line 219
[05-Aug-2015 23:14:01 Europe/Moscow] PHP Fatal error:  Uncaught  --> Smarty: Unable to load template file 'user/login' <-- 
  thrown in D:\_Users\SPirlici\www\spcms.spirlici.com\vendor\smarty\smarty\libs\sysplugins\smarty_internal_template.php on line 219
[05-Aug-2015 23:14:39 Europe/Moscow] PHP Fatal error:  Uncaught  --> Smarty: Unable to load template file 'user/login' <-- 
  thrown in D:\_Users\SPirlici\www\spcms.spirlici.com\vendor\smarty\smarty\libs\sysplugins\smarty_internal_template.php on line 219
[05-Aug-2015 23:18:46 Europe/Moscow] PHP Warning:  json_encode() expects at least 1 parameter, 0 given in D:\_Users\SPirlici\www\spcms.spirlici.com\app\classes\controller.class.php on line 25
[06-Aug-2015 00:00:56 Europe/Moscow] PHP Fatal error:  Uncaught  --> Smarty: Missing template name <-- 
  thrown in D:\_Users\SPirlici\www\spcms.spirlici.com\vendor\smarty\smarty\libs\sysplugins\smarty_template_source.php on line 177
[06-Aug-2015 00:01:09 Europe/Moscow] PHP Fatal error:  Uncaught  --> Smarty: Unable to load template extends 'layout|user/login.tpl' <-- 
  thrown in D:\_Users\SPirlici\www\spcms.spirlici.com\vendor\smarty\smarty\libs\sysplugins\smarty_internal_template.php on line 219
[06-Aug-2015 00:01:10 Europe/Moscow] PHP Fatal error:  Uncaught  --> Smarty: Unable to load template extends 'layout|user/login.tpl' <-- 
  thrown in D:\_Users\SPirlici\www\spcms.spirlici.com\vendor\smarty\smarty\libs\sysplugins\smarty_internal_template.php on line 219
